Arguments: 
  C:\Program Files\nodejs\node.exe C:\Users\stdin\AppData\Roaming\npm\node_modules\yarn\bin\yarn.js add *

PATH: 
  C:\Program Files\Common Files\Oracle\Java\javapath;C:\Windows\system32;C:\Windows;C:\Windows\System32\Wbem;C:\Windows\System32\WindowsPowerShell\v1.0\;C:\Windows\System32\OpenSSH\;C:\php-8.1;C:\ProgramData\chocolatey\bin;C:\tools\php82;C:\Program Files\Microsoft VS Code\bin;C:\Program Files\Git\cmd;C:\ProgramData\ComposerSetup\bin;C:\mysql\bin;C:\Program Files\NVIDIA Corporation\NVIDIA NvDLISR;C:\Program Files (x86)\NVIDIA Corporation\PhysX\Common;C:\Program Files\OpenSSH-Win64;C:\Program Files\dotnet\;C:\Program Files\nodejs\;C:\Program Files (x86)\Microsoft SQL Server\160\DTS\Binn\;C:\Program Files\Azure Data Studio\bin;C:\Program Files\Docker\Docker\resources\bin;C:\flutter\bin;C:\Users\stdin\AppData\Local\Pub\Cache\bin;C:\Program Files\Microsoft SQL Server\150\Tools\Binn\;C:\Users\stdin\scoop\shims;C:\Users\stdin\AppData\Local\Microsoft\WindowsApps;C:\Users\stdin\AppData\Local\Programs\oh-my-posh\bin;C:\Users\stdin\AppData\Local\JetBrains\Toolbox\scripts;C:\Users\stdin\AppData\Roaming\Composer\vendor\bin;C:\tools\mysql-32bit\current\bin;C:\tools\mysql\current\bin;C:\Users\stdin\.dotnet\tools;C:\Users\stdin\AppData\Roaming\npm;C:\chromedriver_win32;C:\ProgramData\chocolatey\lib\mingw\tools\install\mingw64\bin;C:\tools\dart-sdk\bin;C:\Users\stdin\AppData\Roaming\Pub\Cache\bin

Yarn version: 
  1.22.19

Node version: 
  18.15.0

Platform: 
  win32 x64

Trace: 
  Error: https://registry.yarnpkg.com/*: Not found
      at params.callback [as _callback] (C:\Users\stdin\AppData\Roaming\npm\node_modules\yarn\lib\cli.js:66145:18)
      at self.callback (C:\Users\stdin\AppData\Roaming\npm\node_modules\yarn\lib\cli.js:140890:22)
      at Request.emit (node:events:513:28)
      at Request.<anonymous> (C:\Users\stdin\AppData\Roaming\npm\node_modules\yarn\lib\cli.js:141862:10)
      at Request.emit (node:events:513:28)
      at IncomingMessage.<anonymous> (C:\Users\stdin\AppData\Roaming\npm\node_modules\yarn\lib\cli.js:141784:12)
      at Object.onceWrapper (node:events:627:28)
      at IncomingMessage.emit (node:events:525:35)
      at endReadableNT (node:internal/streams/readable:1359:12)
      at process.processTicksAndRejections (node:internal/process/task_queues:82:21)

npm manifest: 
  No manifest

yarn manifest: 
  No manifest

Lockfile: 
  No lockfile
